{"timestamp":"2025-09-01T09:06:02.133Z","type":"AUDIT_CONFIG","action":"SETUP_TABLE_AUDIT_START","tableName":"clientes","user":"::1","success":true,"error":null,"encryptionKeyUsed":false,"triggersCreated":false,"traceId":"mf0wa239ty5z9v7w6ap"}
{"timestamp":"2025-09-01T09:06:02.285Z","type":"AUDIT_CONFIG","action":"SETUP_TABLE_AUDIT_SUCCESS","tableName":"clientes","user":"system","success":true,"error":null,"encryptionKeyUsed":false,"triggersCreated":true,"traceId":"mf0wa27htrzrq7p9zpf"}
{"timestamp":"2025-09-01T09:06:02.288Z","type":"AUDIT_CONFIG","action":"SETUP_TABLE_AUDIT_SUCCESS","tableName":"clientes","user":"::1","success":true,"error":null,"encryptionKeyUsed":false,"triggersCreated":false,"traceId":"mf0wa27kfl5fqe3z2fn"}
{"timestamp":"2025-09-01T09:28:36.905Z","type":"AUDIT_CONFIG","action":"SETUP_TABLE_AUDIT_START","tableName":"clientes","user":"::1","success":true,"error":null,"encryptionKeyUsed":false,"triggersCreated":false,"traceId":"mf0x33ftbszidyqqh4d"}
{"timestamp":"2025-09-01T09:28:37.095Z","type":"AUDIT_CONFIG","action":"SETUP_TABLE_AUDIT_SUCCESS","tableName":"clientes","user":"system","success":true,"error":null,"encryptionKeyUsed":false,"triggersCreated":true,"traceId":"mf0x33l3n4w8imm90v"}
{"timestamp":"2025-09-01T09:28:37.098Z","type":"AUDIT_CONFIG","action":"SETUP_TABLE_AUDIT_SUCCESS","tableName":"clientes","user":"::1","success":true,"error":null,"encryptionKeyUsed":false,"triggersCreated":false,"traceId":"mf0x33l6boqkj72l84j"}
{"timestamp":"2025-09-01T15:13:22.684Z","type":"AUDIT_CONFIG","action":"SETUP_TABLE_AUDIT_START","tableName":"clientes","user":"::1","success":true,"error":null,"encryptionKeyUsed":false,"triggersCreated":false,"traceId":"mf19egosuupbgxvt41c"}
{"timestamp":"2025-09-01T15:13:22.899Z","type":"AUDIT_CONFIG","action":"SETUP_TABLE_AUDIT_ERROR","tableName":"clientes","user":"system","success":false,"error":"Error creando triggers: no se puede eliminar función clientes_audit_trigger_func() porque otros objetos dependen de él","encryptionKeyUsed":false,"triggersCreated":false,"traceId":"mf19egur5nwjnp8q8ho"}
{"timestamp":"2025-09-01T15:13:22.901Z","type":"AUDIT_CONFIG","action":"SETUP_TABLE_AUDIT_FAILED","tableName":"clientes","user":"::1","success":false,"error":"Error creando triggers: no se puede eliminar función clientes_audit_trigger_func() porque otros objetos dependen de él","encryptionKeyUsed":false,"triggersCreated":false,"traceId":"mf19eguumkunmt5mzbq"}
{"timestamp":"2025-09-01T15:17:35.872Z","type":"AUDIT_CONFIG","action":"SETUP_TABLE_AUDIT_START","tableName":"empleados","user":"::1","success":true,"error":null,"encryptionKeyUsed":false,"triggersCreated":false,"traceId":"mf19jw1s5ayw057n8pk"}
{"timestamp":"2025-09-01T15:17:36.122Z","type":"AUDIT_CONFIG","action":"SETUP_TABLE_AUDIT_SUCCESS","tableName":"empleados","user":"system","success":true,"error":null,"encryptionKeyUsed":false,"triggersCreated":true,"traceId":"mf19jw8qndtdgrmf3yp"}
{"timestamp":"2025-09-01T15:17:36.125Z","type":"AUDIT_CONFIG","action":"SETUP_TABLE_AUDIT_SUCCESS","tableName":"empleados","user":"::1","success":true,"error":null,"encryptionKeyUsed":false,"triggersCreated":false,"traceId":"mf19jw8t5fxgboixoer"}
{"timestamp":"2025-09-01T15:29:35.922Z","type":"AUDIT_CONFIG","action":"SETUP_TABLE_AUDIT_START","tableName":"clientes","user":"::1","success":true,"error":null,"encryptionKeyUsed":false,"triggersCreated":false,"traceId":"mf19zbn6526spbwd643"}
{"timestamp":"2025-09-01T15:29:36.018Z","type":"AUDIT_CONFIG","action":"POSTGRESQL_AUDIT_TABLE_CREATED","tableName":"clientes","user":"system","success":true,"error":null,"encryptionKeyUsed":false,"triggersCreated":false,"traceId":"mf19zbpu4mxxq0gkoix"}
{"timestamp":"2025-09-01T15:29:36.074Z","type":"AUDIT_CONFIG","action":"POSTGRESQL_TRIGGERS_CREATED","tableName":"clientes","user":"system","success":true,"error":null,"encryptionKeyUsed":false,"triggersCreated":1,"traceId":"mf19zbrendmgydrk0cl"}
{"timestamp":"2025-09-01T15:29:36.076Z","type":"AUDIT_CONFIG","action":"SETUP_TABLE_AUDIT_SUCCESS","tableName":"clientes","user":"system","success":true,"error":null,"encryptionKeyUsed":false,"triggersCreated":true,"traceId":"mf19zbrgv6by0kdjcz"}
{"timestamp":"2025-09-01T15:29:36.079Z","type":"AUDIT_CONFIG","action":"SETUP_TABLE_AUDIT_SUCCESS","tableName":"clientes","user":"::1","success":true,"error":null,"encryptionKeyUsed":false,"triggersCreated":false,"traceId":"mf19zbrjafgm9f5ra2o"}
{"timestamp":"2025-09-01T16:30:55.995Z","type":"AUDIT_CONFIG","action":"SETUP_TABLE_AUDIT_START","tableName":"clientes","user":"::1","success":true,"error":null,"encryptionKeyUsed":false,"triggersCreated":false,"traceId":"mf1c677fpaabhpzserp"}
{"timestamp":"2025-09-01T16:30:56.112Z","type":"AUDIT_CONFIG","action":"POSTGRESQL_AUDIT_TABLE_CREATED","tableName":"clientes","user":"system","success":true,"error":null,"encryptionKeyUsed":false,"triggersCreated":false,"traceId":"mf1c67aobnehrja5q7f"}
{"timestamp":"2025-09-01T16:30:56.137Z","type":"AUDIT_CONFIG","action":"POSTGRESQL_TRIGGERS_CREATED","tableName":"clientes","user":"system","success":true,"error":null,"encryptionKeyUsed":false,"triggersCreated":1,"traceId":"mf1c67bdj6hgl0sbj0c"}
{"timestamp":"2025-09-01T16:30:56.139Z","type":"AUDIT_CONFIG","action":"SETUP_TABLE_AUDIT_SUCCESS","tableName":"clientes","user":"system","success":true,"error":null,"encryptionKeyUsed":false,"triggersCreated":true,"traceId":"mf1c67bgl2xnm9s9byb"}
{"timestamp":"2025-09-01T16:30:56.142Z","type":"AUDIT_CONFIG","action":"SETUP_TABLE_AUDIT_SUCCESS","tableName":"clientes","user":"::1","success":true,"error":null,"encryptionKeyUsed":false,"triggersCreated":false,"traceId":"mf1c67bied7v4nuwc6g"}
{"timestamp":"2025-09-01T18:24:33.297Z","type":"AUDIT_CONFIG","action":"SETUP_TABLE_AUDIT_START","tableName":"clientes","user":"::1","success":true,"error":null,"encryptionKeyUsed":false,"triggersCreated":false,"traceId":"mf1g8bgxvd8mxm8yn5l"}
{"timestamp":"2025-09-01T18:24:33.360Z","type":"AUDIT_CONFIG","action":"POSTGRESQL_AUDIT_TABLE_CREATED","tableName":"clientes","user":"system","success":true,"error":null,"encryptionKeyUsed":false,"triggersCreated":false,"traceId":"mf1g8bio75svah83rh"}
{"timestamp":"2025-09-01T18:24:33.426Z","type":"AUDIT_CONFIG","action":"POSTGRESQL_TRIGGERS_CREATED","tableName":"clientes","user":"system","success":true,"error":null,"encryptionKeyUsed":false,"triggersCreated":1,"traceId":"mf1g8bkinqk8sijkoh"}
{"timestamp":"2025-09-01T18:24:33.427Z","type":"AUDIT_CONFIG","action":"SETUP_TABLE_AUDIT_SUCCESS","tableName":"clientes","user":"system","success":true,"error":null,"encryptionKeyUsed":false,"triggersCreated":true,"traceId":"mf1g8bkjub9jldp3dh"}
{"timestamp":"2025-09-01T18:24:33.430Z","type":"AUDIT_CONFIG","action":"SETUP_TABLE_AUDIT_SUCCESS","tableName":"clientes","user":"::1","success":true,"error":null,"encryptionKeyUsed":false,"triggersCreated":false,"traceId":"mf1g8bkm1ckd2z2zi3b"}
{"timestamp":"2025-09-01T18:35:30.256Z","type":"AUDIT_CONFIG","action":"SETUP_TABLE_AUDIT_START","tableName":"clientes","user":"::1","success":true,"error":null,"encryptionKeyUsed":false,"triggersCreated":false,"traceId":"mf1gmeds7dg75lzwju8"}
{"timestamp":"2025-09-01T18:35:30.360Z","type":"AUDIT_CONFIG","action":"POSTGRESQL_AUDIT_TABLE_CREATED","tableName":"clientes","user":"system","success":true,"error":null,"encryptionKeyUsed":false,"triggersCreated":false,"traceId":"mf1gmegokftbabw40o9"}
{"timestamp":"2025-09-01T18:35:30.400Z","type":"AUDIT_CONFIG","action":"POSTGRESQL_TRIGGERS_CREATED","tableName":"clientes","user":"system","success":true,"error":null,"encryptionKeyUsed":false,"triggersCreated":1,"traceId":"mf1gmehs265r6j91ol9"}
{"timestamp":"2025-09-01T18:35:30.402Z","type":"AUDIT_CONFIG","action":"SETUP_TABLE_AUDIT_SUCCESS","tableName":"clientes","user":"system","success":true,"error":null,"encryptionKeyUsed":false,"triggersCreated":true,"traceId":"mf1gmehujxd37f0y8mk"}
{"timestamp":"2025-09-01T18:35:30.403Z","type":"AUDIT_CONFIG","action":"SETUP_TABLE_AUDIT_SUCCESS","tableName":"clientes","user":"::1","success":true,"error":null,"encryptionKeyUsed":false,"triggersCreated":false,"traceId":"mf1gmehwxea8at3kd0g"}
{"timestamp":"2025-09-01T18:48:21.296Z","type":"AUDIT_CONFIG","action":"SETUP_TABLE_AUDIT_START","tableName":"clientes","user":"::1","success":true,"error":null,"encryptionKeyUsed":false,"triggersCreated":false,"traceId":"mf1h2xbkmbffu7j7xv"}
{"timestamp":"2025-09-01T18:48:21.362Z","type":"AUDIT_CONFIG","action":"POSTGRESQL_AUDIT_TABLE_CREATED","tableName":"clientes","user":"system","success":true,"error":null,"encryptionKeyUsed":false,"triggersCreated":false,"traceId":"mf1h2xdeamim86eenh"}
{"timestamp":"2025-09-01T18:48:21.400Z","type":"AUDIT_CONFIG","action":"POSTGRESQL_TRIGGERS_CREATED","tableName":"clientes","user":"system","success":true,"error":null,"encryptionKeyUsed":false,"triggersCreated":1,"traceId":"mf1h2xeg1pgcecpr9rm"}
{"timestamp":"2025-09-01T18:48:21.403Z","type":"AUDIT_CONFIG","action":"SETUP_TABLE_AUDIT_SUCCESS","tableName":"clientes","user":"system","success":true,"error":null,"encryptionKeyUsed":false,"triggersCreated":true,"traceId":"mf1h2xejknd0cxk7ge"}
{"timestamp":"2025-09-01T18:48:21.406Z","type":"AUDIT_CONFIG","action":"SETUP_TABLE_AUDIT_SUCCESS","tableName":"clientes","user":"::1","success":true,"error":null,"encryptionKeyUsed":false,"triggersCreated":false,"traceId":"mf1h2xem7qh66uwk4as"}
{"timestamp":"2025-09-01T19:03:39.424Z","type":"AUDIT_CONFIG","action":"SETUP_TABLE_AUDIT_START","tableName":"clientes","user":"::1","success":true,"error":null,"encryptionKeyUsed":false,"triggersCreated":false,"traceId":"mf1hmlr4dg091i6ycr7"}
{"timestamp":"2025-09-01T19:03:39.532Z","type":"AUDIT_CONFIG","action":"POSTGRESQL_AUDIT_TABLE_CREATED","tableName":"clientes","user":"system","success":true,"error":null,"encryptionKeyUsed":false,"triggersCreated":false,"traceId":"mf1hmlu440lrg1rj2df"}
{"timestamp":"2025-09-01T19:03:39.579Z","type":"AUDIT_CONFIG","action":"POSTGRESQL_TRIGGERS_CREATED","tableName":"clientes","user":"system","success":true,"error":null,"encryptionKeyUsed":false,"triggersCreated":1,"traceId":"mf1hmlvfdzozw124ra"}
{"timestamp":"2025-09-01T19:03:39.582Z","type":"AUDIT_CONFIG","action":"SETUP_TABLE_AUDIT_SUCCESS","tableName":"clientes","user":"system","success":true,"error":null,"encryptionKeyUsed":false,"triggersCreated":true,"traceId":"mf1hmlvi8pl20zs5cxx"}
{"timestamp":"2025-09-01T19:03:39.584Z","type":"AUDIT_CONFIG","action":"SETUP_TABLE_AUDIT_SUCCESS","tableName":"clientes","user":"::1","success":true,"error":null,"encryptionKeyUsed":false,"triggersCreated":false,"traceId":"mf1hmlvkxbrbnsxb19"}
