{"timestamp":"2025-09-01T19:40:36.892Z","type":"DATA_ACCESS","action":"SETUP_AUDIT","tableName":"clientes","user":"::1","encryptionUsed":true,"recordCount":0,"success":true,"error":null,"ip":"::1","duration":0,"traceId":"mf1iy4rg7kl5acrmzin"}
{"timestamp":"2025-09-01T19:41:42.941Z","type":"DATA_ACCESS","action":"VIEW_ENCRYPTED_AUDIT_DATA","tableName":"aud_clientes","user":"::1","encryptionUsed":true,"recordCount":0,"success":true,"error":null,"ip":"unknown","duration":0,"traceId":"mf1izjq5wgh8lvbzggf"}
{"timestamp":"2025-09-01T19:41:42.951Z","type":"DATA_ACCESS","action":"VIEW_ENCRYPTED_AUDIT_DATA","tableName":"aud_clientes","user":"::1","encryptionUsed":true,"recordCount":0,"success":true,"error":null,"ip":"unknown","duration":0,"traceId":"mf1izjqfjng4emchkia"}
{"timestamp":"2025-09-01T19:41:42.980Z","type":"DATA_ACCESS","action":"VIEW_ENCRYPTED_AUDIT_DATA_SUCCESS","tableName":"aud_clientes","user":"::1","encryptionUsed":true,"recordCount":1,"success":true,"error":null,"ip":"unknown","duration":40,"traceId":"mf1izjr8ytdet7dg31c"}
{"timestamp":"2025-09-01T19:41:42.997Z","type":"DATA_ACCESS","action":"VIEW_ENCRYPTED","tableName":"unknown","user":"::1","encryptionUsed":false,"recordCount":1,"success":true,"error":null,"ip":"::1","duration":0,"traceId":"mf1izjrpoyywlypveef"}
{"timestamp":"2025-09-01T19:41:43.136Z","type":"DATA_ACCESS","action":"VIEW_ENCRYPTED_AUDIT_DATA_SUCCESS","tableName":"aud_clientes","user":"::1","encryptionUsed":true,"recordCount":1,"success":true,"error":null,"ip":"unknown","duration":186,"traceId":"mf1izjvkwvqcdyjkqx"}
{"timestamp":"2025-09-01T19:41:43.140Z","type":"DATA_ACCESS","action":"VIEW_ENCRYPTED","tableName":"unknown","user":"::1","encryptionUsed":false,"recordCount":1,"success":true,"error":null,"ip":"::1","duration":0,"traceId":"mf1izjvo1s7170414rg"}
{"timestamp":"2025-09-01T19:42:03.533Z","type":"DATA_ACCESS","action":"VALIDATE_ENCRYPTION_PASSWORD","tableName":"aud_clientes","user":"::1","encryptionUsed":true,"recordCount":0,"success":true,"error":null,"ip":"unknown","duration":0,"traceId":"mf1izzm55uaogpy3uwt"}
{"timestamp":"2025-09-01T19:42:03.546Z","type":"DATA_ACCESS","action":"VALIDATE_ENCRYPTION_PASSWORD_RESULT","tableName":"aud_clientes","user":"::1","encryptionUsed":true,"recordCount":0,"success":true,"error":null,"ip":"unknown","duration":13,"traceId":"mf1izzmi861khjbz21b"}
{"timestamp":"2025-09-01T19:42:03.548Z","type":"DATA_ACCESS","action":"VALIDATE_PASSWORD","tableName":"unknown","user":"::1","encryptionUsed":true,"recordCount":1,"success":true,"error":null,"ip":"::1","duration":0,"traceId":"mf1izzmk1biuvyvf5jl"}
{"timestamp":"2025-09-01T19:43:38.235Z","type":"DATA_ACCESS","action":"VALIDATE_ENCRYPTION_PASSWORD","tableName":"aud_clientes","user":"::1","encryptionUsed":true,"recordCount":0,"success":true,"error":null,"ip":"unknown","duration":0,"traceId":"mf1j20os512r444lph"}
{"timestamp":"2025-09-01T19:43:38.349Z","type":"DATA_ACCESS","action":"VALIDATE_ENCRYPTION_PASSWORD_RESULT","tableName":"aud_clientes","user":"::1","encryptionUsed":true,"recordCount":0,"success":true,"error":null,"ip":"unknown","duration":114,"traceId":"mf1j20rx9oz3zld97tl"}
{"timestamp":"2025-09-01T19:43:38.352Z","type":"DATA_ACCESS","action":"VALIDATE_PASSWORD","tableName":"unknown","user":"::1","encryptionUsed":true,"recordCount":1,"success":true,"error":null,"ip":"::1","duration":0,"traceId":"mf1j20s0z4gnmi7kz2"}
{"timestamp":"2025-09-01T19:58:20.678Z","type":"DATA_ACCESS","action":"SETUP_AUDIT","tableName":"clientes","user":"::1","encryptionUsed":true,"recordCount":0,"success":true,"error":null,"ip":"::1","duration":0,"traceId":"mf1jkxl294kc571lawd"}
{"timestamp":"2025-09-01T19:59:23.618Z","type":"DATA_ACCESS","action":"VIEW_ENCRYPTED_AUDIT_DATA","tableName":"aud_clientes","user":"::1","encryptionUsed":true,"recordCount":0,"success":true,"error":null,"ip":"unknown","duration":0,"traceId":"mf1jma5eyr6s3kg8rgj"}
{"timestamp":"2025-09-01T19:59:23.626Z","type":"DATA_ACCESS","action":"VIEW_ENCRYPTED_AUDIT_DATA","tableName":"aud_clientes","user":"::1","encryptionUsed":true,"recordCount":0,"success":true,"error":null,"ip":"unknown","duration":0,"traceId":"mf1jma5mr4nebxk4lif"}
{"timestamp":"2025-09-01T19:59:23.653Z","type":"DATA_ACCESS","action":"VIEW_ENCRYPTED_AUDIT_DATA_SUCCESS","tableName":"aud_clientes","user":"::1","encryptionUsed":true,"recordCount":1,"success":true,"error":null,"ip":"unknown","duration":35,"traceId":"mf1jma6dgjaw0t0e8vs"}
{"timestamp":"2025-09-01T19:59:23.662Z","type":"DATA_ACCESS","action":"VIEW_ENCRYPTED","tableName":"unknown","user":"::1","encryptionUsed":false,"recordCount":1,"success":true,"error":null,"ip":"::1","duration":0,"traceId":"mf1jma6mtz61ix3vde"}
{"timestamp":"2025-09-01T19:59:23.770Z","type":"DATA_ACCESS","action":"VIEW_ENCRYPTED_AUDIT_DATA_SUCCESS","tableName":"aud_clientes","user":"::1","encryptionUsed":true,"recordCount":1,"success":true,"error":null,"ip":"unknown","duration":145,"traceId":"mf1jma9m5liendxu6yq"}
{"timestamp":"2025-09-01T19:59:23.776Z","type":"DATA_ACCESS","action":"VIEW_ENCRYPTED","tableName":"unknown","user":"::1","encryptionUsed":false,"recordCount":1,"success":true,"error":null,"ip":"::1","duration":0,"traceId":"mf1jma9sr8cypf2fe4r"}
{"timestamp":"2025-09-01T19:59:38.936Z","type":"DATA_ACCESS","action":"VALIDATE_ENCRYPTION_PASSWORD","tableName":"aud_clientes","user":"::1","encryptionUsed":true,"recordCount":0,"success":true,"error":null,"ip":"unknown","duration":0,"traceId":"mf1jmlyw66y4eljmety"}
{"timestamp":"2025-09-01T19:59:39.069Z","type":"DATA_ACCESS","action":"VALIDATE_ENCRYPTION_PASSWORD_RESULT","tableName":"aud_clientes","user":"::1","encryptionUsed":true,"recordCount":0,"success":false,"error":null,"ip":"unknown","duration":134,"traceId":"mf1jmm2li2fvxnx7lp"}
{"timestamp":"2025-09-01T19:59:39.074Z","type":"DATA_ACCESS","action":"VALIDATE_PASSWORD","tableName":"unknown","user":"::1","encryptionUsed":true,"recordCount":1,"success":true,"error":null,"ip":"::1","duration":0,"traceId":"mf1jmm2qe705i7uy99"}
{"timestamp":"2025-09-01T20:48:58.280Z","type":"DATA_ACCESS","action":"SETUP_AUDIT","tableName":"clientes","user":"::1","encryptionUsed":true,"recordCount":0,"success":true,"error":null,"ip":"::1","duration":0,"traceId":"mf1le1ewq7oh63hsjre"}
{"timestamp":"2025-09-01T20:50:13.396Z","type":"DATA_ACCESS","action":"VIEW_ENCRYPTED_AUDIT_DATA","tableName":"aud_clientes","user":"::1","encryptionUsed":true,"recordCount":0,"success":true,"error":null,"ip":"unknown","duration":0,"traceId":"mf1lfndgeycgxum4905"}
{"timestamp":"2025-09-01T20:50:13.400Z","type":"DATA_ACCESS","action":"VIEW_ENCRYPTED_AUDIT_DATA","tableName":"aud_clientes","user":"::1","encryptionUsed":true,"recordCount":0,"success":true,"error":null,"ip":"unknown","duration":0,"traceId":"mf1lfndk9e6pid3bb5"}
{"timestamp":"2025-09-01T20:50:13.423Z","type":"DATA_ACCESS","action":"VIEW_ENCRYPTED_AUDIT_DATA_SUCCESS","tableName":"aud_clientes","user":"::1","encryptionUsed":true,"recordCount":1,"success":true,"error":null,"ip":"unknown","duration":27,"traceId":"mf1lfne7xhox5e67qz"}
{"timestamp":"2025-09-01T20:50:13.435Z","type":"DATA_ACCESS","action":"VIEW_ENCRYPTED","tableName":"unknown","user":"::1","encryptionUsed":false,"recordCount":1,"success":true,"error":null,"ip":"::1","duration":0,"traceId":"mf1lfneja0znnjrm0xn"}
{"timestamp":"2025-09-01T20:50:13.516Z","type":"DATA_ACCESS","action":"VIEW_ENCRYPTED_AUDIT_DATA_SUCCESS","tableName":"aud_clientes","user":"::1","encryptionUsed":true,"recordCount":1,"success":true,"error":null,"ip":"unknown","duration":116,"traceId":"mf1lfngsd0n4vv0w47l"}
{"timestamp":"2025-09-01T20:50:13.517Z","type":"DATA_ACCESS","action":"VIEW_ENCRYPTED","tableName":"unknown","user":"::1","encryptionUsed":false,"recordCount":1,"success":true,"error":null,"ip":"::1","duration":0,"traceId":"mf1lfngtzojtgbgcyqg"}
{"timestamp":"2025-09-01T20:50:38.475Z","type":"DATA_ACCESS","action":"VALIDATE_ENCRYPTION_PASSWORD","tableName":"aud_clientes","user":"::1","encryptionUsed":true,"recordCount":0,"success":true,"error":null,"ip":"unknown","duration":0,"traceId":"mf1lg6q3sc7i5fv05ya"}
{"timestamp":"2025-09-01T20:50:38.488Z","type":"DATA_ACCESS","action":"VALIDATE_ENCRYPTION_PASSWORD_RESULT","tableName":"aud_clientes","user":"::1","encryptionUsed":true,"recordCount":0,"success":true,"error":null,"ip":"unknown","duration":14,"traceId":"mf1lg6qg2y4q1d0bkwe"}
{"timestamp":"2025-09-01T20:50:38.493Z","type":"DATA_ACCESS","action":"VALIDATE_PASSWORD","tableName":"unknown","user":"::1","encryptionUsed":true,"recordCount":1,"success":true,"error":null,"ip":"::1","duration":0,"traceId":"mf1lg6qlkz3jel2eye"}
{"timestamp":"2025-09-02T04:22:48.662Z","type":"DATA_ACCESS","action":"SETUP_AUDIT","tableName":"clientes","user":"::1","encryptionUsed":true,"recordCount":0,"success":true,"error":null,"ip":"::1","duration":0,"traceId":"mf21loie03ww6ufigdk4"}
{"timestamp":"2025-09-02T04:23:51.375Z","type":"DATA_ACCESS","action":"VIEW_ENCRYPTED_AUDIT_DATA","tableName":"aud_clientes","user":"::1","encryptionUsed":true,"recordCount":0,"success":true,"error":null,"ip":"unknown","duration":0,"traceId":"mf21n0wf5uyyjpp1fsb"}
{"timestamp":"2025-09-02T04:23:51.383Z","type":"DATA_ACCESS","action":"VIEW_ENCRYPTED_AUDIT_DATA","tableName":"aud_clientes","user":"::1","encryptionUsed":true,"recordCount":0,"success":true,"error":null,"ip":"unknown","duration":0,"traceId":"mf21n0wngd5tfca9rks"}
{"timestamp":"2025-09-02T04:23:51.408Z","type":"DATA_ACCESS","action":"VIEW_ENCRYPTED_AUDIT_DATA_SUCCESS","tableName":"aud_clientes","user":"::1","encryptionUsed":true,"recordCount":1,"success":true,"error":null,"ip":"unknown","duration":33,"traceId":"mf21n0xc84t5ab4hy7"}
{"timestamp":"2025-09-02T04:23:51.415Z","type":"DATA_ACCESS","action":"VIEW_ENCRYPTED","tableName":"unknown","user":"::1","encryptionUsed":false,"recordCount":1,"success":true,"error":null,"ip":"::1","duration":0,"traceId":"mf21n0xj7ud5u5e5qjo"}
{"timestamp":"2025-09-02T04:23:51.523Z","type":"DATA_ACCESS","action":"VIEW_ENCRYPTED_AUDIT_DATA_SUCCESS","tableName":"aud_clientes","user":"::1","encryptionUsed":true,"recordCount":1,"success":true,"error":null,"ip":"unknown","duration":141,"traceId":"mf21n10jenpyvu161r5"}
{"timestamp":"2025-09-02T04:23:51.524Z","type":"DATA_ACCESS","action":"VIEW_ENCRYPTED","tableName":"unknown","user":"::1","encryptionUsed":false,"recordCount":1,"success":true,"error":null,"ip":"::1","duration":0,"traceId":"mf21n10k6yaeqy3pn04"}
{"timestamp":"2025-09-02T04:24:08.159Z","type":"DATA_ACCESS","action":"VALIDATE_ENCRYPTION_PASSWORD","tableName":"aud_clientes","user":"::1","encryptionUsed":true,"recordCount":0,"success":true,"error":null,"ip":"unknown","duration":0,"traceId":"mf21ndunulm6qv691of"}
{"timestamp":"2025-09-02T04:24:08.251Z","type":"DATA_ACCESS","action":"VALIDATE_ENCRYPTION_PASSWORD_RESULT","tableName":"aud_clientes","user":"::1","encryptionUsed":true,"recordCount":0,"success":true,"error":null,"ip":"unknown","duration":93,"traceId":"mf21ndx7xmuih28ril"}
{"timestamp":"2025-09-02T04:24:08.254Z","type":"DATA_ACCESS","action":"VALIDATE_PASSWORD","tableName":"unknown","user":"::1","encryptionUsed":true,"recordCount":1,"success":true,"error":null,"ip":"::1","duration":0,"traceId":"mf21ndxackp309813ed"}
{"timestamp":"2025-09-02T04:26:55.223Z","type":"DATA_ACCESS","action":"VALIDATE_ENCRYPTION_PASSWORD","tableName":"aud_clientes","user":"::1","encryptionUsed":true,"recordCount":0,"success":true,"error":null,"ip":"unknown","duration":0,"traceId":"mf21qyrb7obd2tdea0s"}
{"timestamp":"2025-09-02T04:26:55.357Z","type":"DATA_ACCESS","action":"VALIDATE_ENCRYPTION_PASSWORD_RESULT","tableName":"aud_clientes","user":"::1","encryptionUsed":true,"recordCount":0,"success":true,"error":null,"ip":"unknown","duration":134,"traceId":"mf21qyv18efjdk9wokg"}
{"timestamp":"2025-09-02T04:26:55.359Z","type":"DATA_ACCESS","action":"VALIDATE_PASSWORD","tableName":"unknown","user":"::1","encryptionUsed":true,"recordCount":1,"success":true,"error":null,"ip":"::1","duration":0,"traceId":"mf21qyv3j0lmlwbbx2j"}
{"timestamp":"2025-09-02T04:59:20.163Z","type":"DATA_ACCESS","action":"SETUP_AUDIT","tableName":"clientes","user":"::1","encryptionUsed":true,"recordCount":0,"success":true,"error":null,"ip":"::1","duration":0,"traceId":"mf22wnhfgyy7je28qm7"}
{"timestamp":"2025-09-02T05:00:11.344Z","type":"DATA_ACCESS","action":"VIEW_ENCRYPTED_AUDIT_DATA","tableName":"aud_clientes","user":"::1","encryptionUsed":true,"recordCount":0,"success":true,"error":null,"ip":"unknown","duration":0,"traceId":"mf22xqz4q3y3n7rkgmo"}
{"timestamp":"2025-09-02T05:00:11.347Z","type":"DATA_ACCESS","action":"VIEW_ENCRYPTED_AUDIT_DATA","tableName":"aud_clientes","user":"::1","encryptionUsed":true,"recordCount":0,"success":true,"error":null,"ip":"unknown","duration":0,"traceId":"mf22xqz74tp6ozrb70t"}
{"timestamp":"2025-09-02T05:00:11.376Z","type":"DATA_ACCESS","action":"VIEW_ENCRYPTED_AUDIT_DATA_SUCCESS","tableName":"aud_clientes","user":"::1","encryptionUsed":true,"recordCount":1,"success":true,"error":null,"ip":"unknown","duration":32,"traceId":"mf22xr00qmzbst8tc4f"}
{"timestamp":"2025-09-02T05:00:11.385Z","type":"DATA_ACCESS","action":"VIEW_ENCRYPTED","tableName":"unknown","user":"::1","encryptionUsed":false,"recordCount":1,"success":true,"error":null,"ip":"::1","duration":0,"traceId":"mf22xr0975vsho4qan4"}
{"timestamp":"2025-09-02T05:00:11.532Z","type":"DATA_ACCESS","action":"VIEW_ENCRYPTED_AUDIT_DATA_SUCCESS","tableName":"aud_clientes","user":"::1","encryptionUsed":true,"recordCount":1,"success":true,"error":null,"ip":"unknown","duration":185,"traceId":"mf22xr4c76f7s9io5zq"}
{"timestamp":"2025-09-02T05:00:11.534Z","type":"DATA_ACCESS","action":"VIEW_ENCRYPTED","tableName":"unknown","user":"::1","encryptionUsed":false,"recordCount":1,"success":true,"error":null,"ip":"::1","duration":0,"traceId":"mf22xr4ebkex5f9sxv7"}
{"timestamp":"2025-09-02T05:00:28.619Z","type":"DATA_ACCESS","action":"VALIDATE_ENCRYPTION_PASSWORD","tableName":"aud_clientes","user":"::1","encryptionUsed":true,"recordCount":0,"success":true,"error":null,"ip":"unknown","duration":0,"traceId":"mf22y4azzld5ubk8njp"}
{"timestamp":"2025-09-02T05:00:28.694Z","type":"DATA_ACCESS","action":"VALIDATE_ENCRYPTION_PASSWORD_RESULT","tableName":"aud_clientes","user":"::1","encryptionUsed":true,"recordCount":0,"success":false,"error":null,"ip":"unknown","duration":76,"traceId":"mf22y4d2t5vdrpcxuv"}
{"timestamp":"2025-09-02T05:00:28.695Z","type":"DATA_ACCESS","action":"VALIDATE_PASSWORD","tableName":"unknown","user":"::1","encryptionUsed":true,"recordCount":1,"success":true,"error":null,"ip":"::1","duration":0,"traceId":"mf22y4d3gfp5k360s7s"}
{"timestamp":"2025-09-02T05:32:42.103Z","type":"DATA_ACCESS","action":"SETUP_AUDIT","tableName":"clientes","user":"::1","encryptionUsed":true,"recordCount":0,"success":false,"error":"Error creando triggers: no existe la función gen_random_bytes(integer)","ip":"::1","duration":0,"traceId":"mf243k6v4z2yb3gf0yd"}
{"timestamp":"2025-09-02T05:49:33.640Z","type":"DATA_ACCESS","action":"SETUP_AUDIT","tableName":"clientes","user":"::1","encryptionUsed":true,"recordCount":0,"success":false,"error":"Error creando triggers: this.createPostgreSQLTriggerFunction is not a function","ip":"::1","duration":0,"traceId":"mf24p8p44bs2jk82blf"}
{"timestamp":"2025-09-02T06:01:16.851Z","type":"DATA_ACCESS","action":"SETUP_AUDIT","tableName":"clientes","user":"::1","encryptionUsed":true,"recordCount":0,"success":true,"error":null,"ip":"::1","duration":0,"traceId":"mf254barzoxeyue3lq"}
{"timestamp":"2025-09-02T14:30:56.914Z","type":"DATA_ACCESS","action":"SETUP_AUDIT","tableName":"clientes","user":"::1","encryptionUsed":true,"recordCount":0,"success":true,"error":null,"ip":"::1","duration":0,"traceId":"mf2nbr0ykwasyzi6ls"}
{"timestamp":"2025-09-02T14:32:22.705Z","type":"DATA_ACCESS","action":"VIEW_ENCRYPTED_AUDIT_DATA","tableName":"aud_clientes","user":"::1","encryptionUsed":true,"recordCount":0,"success":true,"error":null,"ip":"unknown","duration":0,"traceId":"mf2ndl815tr8dl65hyv"}
{"timestamp":"2025-09-02T14:32:22.707Z","type":"DATA_ACCESS","action":"VIEW_ENCRYPTED_AUDIT_DATA","tableName":"aud_clientes","user":"::1","encryptionUsed":true,"recordCount":0,"success":true,"error":null,"ip":"unknown","duration":0,"traceId":"mf2ndl8300k5wnscw27eu"}
{"timestamp":"2025-09-02T14:32:22.732Z","type":"DATA_ACCESS","action":"VIEW_ENCRYPTED_AUDIT_DATA_SUCCESS","tableName":"aud_clientes","user":"::1","encryptionUsed":true,"recordCount":1,"success":true,"error":null,"ip":"unknown","duration":27,"traceId":"mf2ndl8s63z4qvjmj65"}
{"timestamp":"2025-09-02T14:32:22.751Z","type":"DATA_ACCESS","action":"VIEW_ENCRYPTED","tableName":"unknown","user":"::1","encryptionUsed":false,"recordCount":1,"success":true,"error":null,"ip":"::1","duration":0,"traceId":"mf2ndl9bvxh3djzyjh"}
{"timestamp":"2025-09-02T14:32:22.880Z","type":"DATA_ACCESS","action":"VIEW_ENCRYPTED_AUDIT_DATA_SUCCESS","tableName":"aud_clientes","user":"::1","encryptionUsed":true,"recordCount":1,"success":true,"error":null,"ip":"unknown","duration":173,"traceId":"mf2ndlcwsqpjkuktod"}
{"timestamp":"2025-09-02T14:32:22.881Z","type":"DATA_ACCESS","action":"VIEW_ENCRYPTED","tableName":"unknown","user":"::1","encryptionUsed":false,"recordCount":1,"success":true,"error":null,"ip":"::1","duration":0,"traceId":"mf2ndlcxlq1bb4ea3va"}
{"timestamp":"2025-09-02T14:32:49.841Z","type":"DATA_ACCESS","action":"VALIDATE_ENCRYPTION_PASSWORD","tableName":"aud_clientes","user":"::1","encryptionUsed":true,"recordCount":0,"success":true,"error":null,"ip":"unknown","duration":0,"traceId":"mf2ne65tfwpzhe4s854"}
{"timestamp":"2025-09-02T14:32:49.907Z","type":"DATA_ACCESS","action":"VALIDATE_ENCRYPTION_PASSWORD_RESULT","tableName":"aud_clientes","user":"::1","encryptionUsed":true,"recordCount":0,"success":false,"error":null,"ip":"unknown","duration":67,"traceId":"mf2ne67n1o8c1s0t68o"}
{"timestamp":"2025-09-02T14:32:49.908Z","type":"DATA_ACCESS","action":"VALIDATE_PASSWORD","tableName":"unknown","user":"::1","encryptionUsed":true,"recordCount":1,"success":true,"error":null,"ip":"::1","duration":0,"traceId":"mf2ne67om0jkv3hirh"}
{"timestamp":"2025-09-02T14:44:05.982Z","type":"DATA_ACCESS","action":"SETUP_AUDIT","tableName":"clientes","user":"::1","encryptionUsed":true,"recordCount":0,"success":true,"error":null,"ip":"::1","duration":0,"traceId":"mf2nsnvilveequlg0s"}
{"timestamp":"2025-09-02T14:44:59.650Z","type":"DATA_ACCESS","action":"VIEW_ENCRYPTED_AUDIT_DATA","tableName":"aud_clientes","user":"::1","encryptionUsed":true,"recordCount":0,"success":true,"error":null,"ip":"unknown","duration":0,"traceId":"mf2nttaa1mm163qtkgq"}
{"timestamp":"2025-09-02T14:44:59.653Z","type":"DATA_ACCESS","action":"VIEW_ENCRYPTED_AUDIT_DATA","tableName":"aud_clientes","user":"::1","encryptionUsed":true,"recordCount":0,"success":true,"error":null,"ip":"unknown","duration":0,"traceId":"mf2nttad0ppx855cq6v"}
{"timestamp":"2025-09-02T14:44:59.682Z","type":"DATA_ACCESS","action":"VIEW_ENCRYPTED_AUDIT_DATA_SUCCESS","tableName":"aud_clientes","user":"::1","encryptionUsed":true,"recordCount":1,"success":true,"error":null,"ip":"unknown","duration":33,"traceId":"mf2nttb68sj6x8595pn"}
{"timestamp":"2025-09-02T14:44:59.717Z","type":"DATA_ACCESS","action":"VIEW_ENCRYPTED","tableName":"unknown","user":"::1","encryptionUsed":false,"recordCount":1,"success":true,"error":null,"ip":"::1","duration":0,"traceId":"mf2nttc54gt0hdx7o79"}
{"timestamp":"2025-09-02T14:44:59.834Z","type":"DATA_ACCESS","action":"VIEW_ENCRYPTED_AUDIT_DATA_SUCCESS","tableName":"aud_clientes","user":"::1","encryptionUsed":true,"recordCount":1,"success":true,"error":null,"ip":"unknown","duration":181,"traceId":"mf2nttfekfmotl3apr"}
{"timestamp":"2025-09-02T14:44:59.835Z","type":"DATA_ACCESS","action":"VIEW_ENCRYPTED","tableName":"unknown","user":"::1","encryptionUsed":false,"recordCount":1,"success":true,"error":null,"ip":"::1","duration":0,"traceId":"mf2nttffehbt0iusi6"}
{"timestamp":"2025-09-02T14:45:21.096Z","type":"DATA_ACCESS","action":"VALIDATE_ENCRYPTION_PASSWORD","tableName":"aud_clientes","user":"::1","encryptionUsed":true,"recordCount":0,"success":true,"error":null,"ip":"unknown","duration":0,"traceId":"mf2nu9u00wq9on70cp1"}
{"timestamp":"2025-09-02T14:45:21.150Z","type":"DATA_ACCESS","action":"VALIDATE_ENCRYPTION_PASSWORD_RESULT","tableName":"aud_clientes","user":"::1","encryptionUsed":true,"recordCount":0,"success":false,"error":null,"ip":"unknown","duration":54,"traceId":"mf2nu9vimn3w971zodn"}
{"timestamp":"2025-09-02T14:45:21.151Z","type":"DATA_ACCESS","action":"VALIDATE_PASSWORD","tableName":"unknown","user":"::1","encryptionUsed":true,"recordCount":1,"success":true,"error":null,"ip":"::1","duration":0,"traceId":"mf2nu9vjyoh4e9jh3q"}
{"timestamp":"2025-09-02T15:00:57.191Z","type":"DATA_ACCESS","action":"SETUP_AUDIT","tableName":"clientes","user":"::1","encryptionUsed":true,"recordCount":0,"success":true,"error":null,"ip":"::1","duration":0,"traceId":"mf2oec4nffvcly6guuu"}
{"timestamp":"2025-09-02T15:02:51.314Z","type":"DATA_ACCESS","action":"VIEW_ENCRYPTED_AUDIT_DATA","tableName":"aud_clientes","user":"::1","encryptionUsed":true,"recordCount":0,"success":true,"error":null,"ip":"unknown","duration":0,"traceId":"mf2ogs6qw9gtnlmkvq"}
{"timestamp":"2025-09-02T15:02:51.319Z","type":"DATA_ACCESS","action":"VIEW_ENCRYPTED_AUDIT_DATA","tableName":"aud_clientes","user":"::1","encryptionUsed":true,"recordCount":0,"success":true,"error":null,"ip":"unknown","duration":0,"traceId":"mf2ogs6vwztklhgdmfj"}
{"timestamp":"2025-09-02T15:02:51.341Z","type":"DATA_ACCESS","action":"VIEW_ENCRYPTED_AUDIT_DATA_SUCCESS","tableName":"aud_clientes","user":"::1","encryptionUsed":true,"recordCount":1,"success":true,"error":null,"ip":"unknown","duration":28,"traceId":"mf2ogs7hrf5xiz322ko"}
{"timestamp":"2025-09-02T15:02:51.348Z","type":"DATA_ACCESS","action":"VIEW_ENCRYPTED","tableName":"unknown","user":"::1","encryptionUsed":false,"recordCount":1,"success":true,"error":null,"ip":"::1","duration":0,"traceId":"mf2ogs7o5n10z0pxkh7"}
{"timestamp":"2025-09-02T15:02:51.437Z","type":"DATA_ACCESS","action":"VIEW_ENCRYPTED_AUDIT_DATA_SUCCESS","tableName":"aud_clientes","user":"::1","encryptionUsed":true,"recordCount":1,"success":true,"error":null,"ip":"unknown","duration":118,"traceId":"mf2ogsa5iweqb6clv0j"}
{"timestamp":"2025-09-02T15:02:51.439Z","type":"DATA_ACCESS","action":"VIEW_ENCRYPTED","tableName":"unknown","user":"::1","encryptionUsed":false,"recordCount":1,"success":true,"error":null,"ip":"::1","duration":0,"traceId":"mf2ogsa7s9opfx7cogg"}
{"timestamp":"2025-09-02T15:03:08.258Z","type":"DATA_ACCESS","action":"VALIDATE_ENCRYPTION_PASSWORD","tableName":"aud_clientes","user":"::1","encryptionUsed":true,"recordCount":0,"success":true,"error":null,"ip":"unknown","duration":0,"traceId":"mf2oh59ewxrn72ahe5o"}
{"timestamp":"2025-09-02T15:03:08.383Z","type":"DATA_ACCESS","action":"VALIDATE_ENCRYPTION_PASSWORD_RESULT","tableName":"aud_clientes","user":"::1","encryptionUsed":true,"recordCount":0,"success":false,"error":null,"ip":"unknown","duration":126,"traceId":"mf2oh5cvz0fix6fivz8"}
{"timestamp":"2025-09-02T15:03:08.385Z","type":"DATA_ACCESS","action":"VALIDATE_PASSWORD","tableName":"unknown","user":"::1","encryptionUsed":true,"recordCount":1,"success":true,"error":null,"ip":"::1","duration":0,"traceId":"mf2oh5cxy2ftao9vym"}
{"timestamp":"2025-09-02T15:15:39.617Z","type":"DATA_ACCESS","action":"SETUP_AUDIT","tableName":"clientes","user":"::1","encryptionUsed":true,"recordCount":0,"success":true,"error":null,"ip":"::1","duration":0,"traceId":"mf2ox90h4xbmqys43b4"}
{"timestamp":"2025-09-02T15:16:20.882Z","type":"DATA_ACCESS","action":"VIEW_ENCRYPTED_AUDIT_DATA","tableName":"aud_clientes","user":"::1","encryptionUsed":true,"recordCount":0,"success":true,"error":null,"ip":"unknown","duration":0,"traceId":"mf2oy4uq8s3egdho3q"}
{"timestamp":"2025-09-02T15:16:20.886Z","type":"DATA_ACCESS","action":"VIEW_ENCRYPTED_AUDIT_DATA","tableName":"aud_clientes","user":"::1","encryptionUsed":true,"recordCount":0,"success":true,"error":null,"ip":"unknown","duration":0,"traceId":"mf2oy4uuuldhh9munzo"}
{"timestamp":"2025-09-02T15:16:20.915Z","type":"DATA_ACCESS","action":"VIEW_ENCRYPTED_AUDIT_DATA_SUCCESS","tableName":"aud_clientes","user":"::1","encryptionUsed":true,"recordCount":1,"success":true,"error":null,"ip":"unknown","duration":34,"traceId":"mf2oy4vnjqmhf9qbxvm"}
{"timestamp":"2025-09-02T15:16:20.918Z","type":"DATA_ACCESS","action":"VIEW_ENCRYPTED","tableName":"unknown","user":"::1","encryptionUsed":false,"recordCount":1,"success":true,"error":null,"ip":"::1","duration":0,"traceId":"mf2oy4vqw6dus5wjbg"}
{"timestamp":"2025-09-02T15:16:21.006Z","type":"DATA_ACCESS","action":"VIEW_ENCRYPTED_AUDIT_DATA_SUCCESS","tableName":"aud_clientes","user":"::1","encryptionUsed":true,"recordCount":1,"success":true,"error":null,"ip":"unknown","duration":121,"traceId":"mf2oy4y6704j7twdyi"}
{"timestamp":"2025-09-02T15:16:21.007Z","type":"DATA_ACCESS","action":"VIEW_ENCRYPTED","tableName":"unknown","user":"::1","encryptionUsed":false,"recordCount":1,"success":true,"error":null,"ip":"::1","duration":0,"traceId":"mf2oy4y7ris5b2tlw4m"}
{"timestamp":"2025-09-02T15:16:44.575Z","type":"DATA_ACCESS","action":"VALIDATE_ENCRYPTION_PASSWORD","tableName":"aud_clientes","user":"::1","encryptionUsed":true,"recordCount":0,"success":true,"error":null,"ip":"unknown","duration":0,"traceId":"mf2oyn4vdk1lmlwoboj"}
{"timestamp":"2025-09-02T15:16:44.586Z","type":"DATA_ACCESS","action":"VALIDATE_ENCRYPTION_PASSWORD_RESULT","tableName":"aud_clientes","user":"::1","encryptionUsed":true,"recordCount":0,"success":false,"error":null,"ip":"unknown","duration":21,"traceId":"mf2oyn56qrkaj3aifs8"}
{"timestamp":"2025-09-02T15:16:44.588Z","type":"DATA_ACCESS","action":"VALIDATE_PASSWORD","tableName":"unknown","user":"::1","encryptionUsed":true,"recordCount":1,"success":true,"error":null,"ip":"::1","duration":0,"traceId":"mf2oyn588i2arbofhfp"}
{"timestamp":"2025-09-02T15:31:36.366Z","type":"DATA_ACCESS","action":"SETUP_AUDIT","tableName":"clientes","user":"::1","encryptionUsed":true,"recordCount":0,"success":true,"error":null,"ip":"::1","duration":0,"traceId":"mf2phr8u51b07t1csf4"}
{"timestamp":"2025-09-02T15:32:11.591Z","type":"DATA_ACCESS","action":"VIEW_ENCRYPTED_AUDIT_DATA","tableName":"aud_clientes","user":"::1","encryptionUsed":true,"recordCount":0,"success":true,"error":null,"ip":"unknown","duration":0,"traceId":"mf2piifbl0eakawcau"}
{"timestamp":"2025-09-02T15:32:11.595Z","type":"DATA_ACCESS","action":"VIEW_ENCRYPTED_AUDIT_DATA","tableName":"aud_clientes","user":"::1","encryptionUsed":true,"recordCount":0,"success":true,"error":null,"ip":"unknown","duration":0,"traceId":"mf2piiffow2ixhd0sid"}
{"timestamp":"2025-09-02T15:32:11.615Z","type":"DATA_ACCESS","action":"VIEW_ENCRYPTED_AUDIT_DATA_SUCCESS","tableName":"aud_clientes","user":"::1","encryptionUsed":true,"recordCount":1,"success":true,"error":null,"ip":"unknown","duration":24,"traceId":"mf2piifzyiqmb6voxe"}
{"timestamp":"2025-09-02T15:32:11.617Z","type":"DATA_ACCESS","action":"VIEW_ENCRYPTED","tableName":"unknown","user":"::1","encryptionUsed":false,"recordCount":1,"success":true,"error":null,"ip":"::1","duration":0,"traceId":"mf2piig1nlsq5gjma8d"}
{"timestamp":"2025-09-02T15:32:11.683Z","type":"DATA_ACCESS","action":"VIEW_ENCRYPTED_AUDIT_DATA_SUCCESS","tableName":"aud_clientes","user":"::1","encryptionUsed":true,"recordCount":1,"success":true,"error":null,"ip":"unknown","duration":88,"traceId":"mf2piihvl21pdicj84a"}
{"timestamp":"2025-09-02T15:32:11.684Z","type":"DATA_ACCESS","action":"VIEW_ENCRYPTED","tableName":"unknown","user":"::1","encryptionUsed":false,"recordCount":1,"success":true,"error":null,"ip":"::1","duration":0,"traceId":"mf2piihwopmlps7o789"}
{"timestamp":"2025-09-02T15:32:39.156Z","type":"DATA_ACCESS","action":"VALIDATE_ENCRYPTION_PASSWORD","tableName":"aud_clientes","user":"::1","encryptionUsed":true,"recordCount":0,"success":true,"error":null,"ip":"unknown","duration":0,"traceId":"mf2pj3p0x3oeh0mknl8"}
{"timestamp":"2025-09-02T15:32:39.165Z","type":"DATA_ACCESS","action":"VALIDATE_ENCRYPTION_PASSWORD_RESULT","tableName":"aud_clientes","user":"::1","encryptionUsed":true,"recordCount":0,"success":true,"error":null,"ip":"unknown","duration":10,"traceId":"mf2pj3p915ggowthmxl"}
{"timestamp":"2025-09-02T15:32:39.166Z","type":"DATA_ACCESS","action":"VALIDATE_PASSWORD","tableName":"unknown","user":"::1","encryptionUsed":true,"recordCount":1,"success":true,"error":null,"ip":"::1","duration":0,"traceId":"mf2pj3pa52u9mai6m7i"}
{"timestamp":"2025-09-02T15:33:25.946Z","type":"DATA_ACCESS","action":"VALIDATE_ENCRYPTION_PASSWORD","tableName":"aud_clientes","user":"::1","encryptionUsed":true,"recordCount":0,"success":true,"error":null,"ip":"unknown","duration":0,"traceId":"mf2pk3sqmkwyy1s6nu9"}
{"timestamp":"2025-09-02T15:33:26.012Z","type":"DATA_ACCESS","action":"VALIDATE_ENCRYPTION_PASSWORD_RESULT","tableName":"aud_clientes","user":"::1","encryptionUsed":true,"recordCount":0,"success":true,"error":null,"ip":"unknown","duration":66,"traceId":"mf2pk3uktei9rv35h3"}
{"timestamp":"2025-09-02T15:33:26.013Z","type":"DATA_ACCESS","action":"VALIDATE_PASSWORD","tableName":"unknown","user":"::1","encryptionUsed":true,"recordCount":1,"success":true,"error":null,"ip":"::1","duration":0,"traceId":"mf2pk3ul1dk24skta59"}
{"timestamp":"2025-09-02T15:59:31.161Z","type":"DATA_ACCESS","action":"VIEW_ENCRYPTED_AUDIT_DATA","tableName":"aud_clientes","user":"::1","encryptionUsed":true,"recordCount":0,"success":true,"error":null,"ip":"unknown","duration":0,"traceId":"mf2qhnixburrt7y4kiw"}
{"timestamp":"2025-09-02T15:59:31.158Z","type":"DATA_ACCESS","action":"VIEW_ENCRYPTED_AUDIT_DATA","tableName":"aud_clientes","user":"::1","encryptionUsed":true,"recordCount":0,"success":true,"error":null,"ip":"unknown","duration":0,"traceId":"mf2qhniu7uo5djv74q5"}
{"timestamp":"2025-09-02T15:59:31.197Z","type":"DATA_ACCESS","action":"VIEW_ENCRYPTED_AUDIT_DATA_SUCCESS","tableName":"aud_clientes","user":"::1","encryptionUsed":true,"recordCount":1,"success":true,"error":null,"ip":"unknown","duration":36,"traceId":"mf2qhnjxbc5fugbzt3c"}
{"timestamp":"2025-09-02T15:59:31.200Z","type":"DATA_ACCESS","action":"VIEW_ENCRYPTED","tableName":"unknown","user":"::1","encryptionUsed":false,"recordCount":1,"success":true,"error":null,"ip":"::1","duration":0,"traceId":"mf2qhnk14rjhkqdf72"}
{"timestamp":"2025-09-02T15:59:31.338Z","type":"DATA_ACCESS","action":"VIEW_ENCRYPTED_AUDIT_DATA_SUCCESS","tableName":"aud_clientes","user":"::1","encryptionUsed":true,"recordCount":1,"success":true,"error":null,"ip":"unknown","duration":180,"traceId":"mf2qhnnucsxnxh78rmo"}
{"timestamp":"2025-09-02T15:59:31.340Z","type":"DATA_ACCESS","action":"VIEW_ENCRYPTED","tableName":"unknown","user":"::1","encryptionUsed":false,"recordCount":1,"success":true,"error":null,"ip":"::1","duration":0,"traceId":"mf2qhnnwmjrvntapz89"}
{"timestamp":"2025-09-02T15:59:51.074Z","type":"DATA_ACCESS","action":"VALIDATE_ENCRYPTION_PASSWORD","tableName":"aud_clientes","user":"::1","encryptionUsed":true,"recordCount":0,"success":true,"error":null,"ip":"unknown","duration":0,"traceId":"mf2qi2w2pojvtrgr5tn"}
{"timestamp":"2025-09-02T15:59:51.084Z","type":"DATA_ACCESS","action":"VALIDATE_ENCRYPTION_PASSWORD_RESULT","tableName":"aud_clientes","user":"::1","encryptionUsed":true,"recordCount":0,"success":true,"error":null,"ip":"unknown","duration":11,"traceId":"mf2qi2wcdrsmjsih6e7"}
{"timestamp":"2025-09-02T15:59:51.086Z","type":"DATA_ACCESS","action":"VALIDATE_PASSWORD","tableName":"unknown","user":"::1","encryptionUsed":true,"recordCount":1,"success":true,"error":null,"ip":"::1","duration":0,"traceId":"mf2qi2wequ064aabqsn"}
{"timestamp":"2025-09-02T15:59:51.101Z","type":"DATA_ACCESS","action":"VIEW_DECRYPTED_AUDIT_DATA","tableName":"aud_clientes","user":"::1","encryptionUsed":true,"recordCount":0,"success":true,"error":null,"ip":"unknown","duration":0,"traceId":"mf2qi2wt98281co73id"}
{"timestamp":"2025-09-02T15:59:51.143Z","type":"DATA_ACCESS","action":"VIEW_DECRYPTED_AUDIT_DATA_SUCCESS","tableName":"aud_clientes","user":"::1","encryptionUsed":true,"recordCount":1,"success":true,"error":null,"ip":"unknown","duration":43,"traceId":"mf2qi2xzu8nxkg2f0nc"}
{"timestamp":"2025-09-02T15:59:51.145Z","type":"DATA_ACCESS","action":"VIEW_DECRYPTED","tableName":"unknown","user":"::1","encryptionUsed":true,"recordCount":1,"success":true,"error":null,"ip":"::1","duration":0,"traceId":"mf2qi2y160z5wp0p15k"}
{"timestamp":"2025-09-02T16:00:39.584Z","type":"DATA_ACCESS","action":"VIEW_DECRYPTED_AUDIT_DATA","tableName":"aud_clientes","user":"::1","encryptionUsed":true,"recordCount":0,"success":true,"error":null,"ip":"unknown","duration":0,"traceId":"mf2qj4bkadqawmm1v7l"}
{"timestamp":"2025-09-02T16:00:39.671Z","type":"DATA_ACCESS","action":"VIEW_DECRYPTED_AUDIT_DATA_SUCCESS","tableName":"aud_clientes","user":"::1","encryptionUsed":true,"recordCount":1,"success":true,"error":null,"ip":"unknown","duration":88,"traceId":"mf2qj4dzvtn7sic4rf"}
{"timestamp":"2025-09-02T16:00:39.672Z","type":"DATA_ACCESS","action":"VIEW_DECRYPTED","tableName":"unknown","user":"::1","encryptionUsed":true,"recordCount":1,"success":true,"error":null,"ip":"::1","duration":0,"traceId":"mf2qj4e0bamos2gdnub"}
{"timestamp":"2025-09-02T16:01:37.360Z","type":"DATA_ACCESS","action":"VIEW_ENCRYPTED_AUDIT_DATA","tableName":"aud_clientes","user":"::1","encryptionUsed":true,"recordCount":0,"success":true,"error":null,"ip":"unknown","duration":0,"traceId":"mf2qkcwg22sjaowsudh"}
{"timestamp":"2025-09-02T16:01:37.364Z","type":"DATA_ACCESS","action":"VIEW_ENCRYPTED_AUDIT_DATA","tableName":"aud_clientes","user":"::1","encryptionUsed":true,"recordCount":0,"success":true,"error":null,"ip":"unknown","duration":0,"traceId":"mf2qkcwkldykbs6bv2"}
{"timestamp":"2025-09-02T16:01:37.410Z","type":"DATA_ACCESS","action":"VIEW_ENCRYPTED_AUDIT_DATA_SUCCESS","tableName":"aud_clientes","user":"::1","encryptionUsed":true,"recordCount":3,"success":true,"error":null,"ip":"unknown","duration":51,"traceId":"mf2qkcxuvpdanyf6k1"}
{"timestamp":"2025-09-02T16:01:37.422Z","type":"DATA_ACCESS","action":"VIEW_ENCRYPTED","tableName":"unknown","user":"::1","encryptionUsed":false,"recordCount":3,"success":true,"error":null,"ip":"::1","duration":0,"traceId":"mf2qkcy6u2atkbgm4y"}
{"timestamp":"2025-09-02T16:01:37.483Z","type":"DATA_ACCESS","action":"VIEW_ENCRYPTED_AUDIT_DATA_SUCCESS","tableName":"aud_clientes","user":"::1","encryptionUsed":true,"recordCount":3,"success":true,"error":null,"ip":"unknown","duration":120,"traceId":"mf2qkczvedkpjog361g"}
{"timestamp":"2025-09-02T16:01:37.484Z","type":"DATA_ACCESS","action":"VIEW_ENCRYPTED","tableName":"unknown","user":"::1","encryptionUsed":false,"recordCount":3,"success":true,"error":null,"ip":"::1","duration":0,"traceId":"mf2qkczwb8sfzaqc0ju"}
{"timestamp":"2025-09-02T16:01:44.456Z","type":"DATA_ACCESS","action":"VALIDATE_ENCRYPTION_PASSWORD","tableName":"aud_clientes","user":"::1","encryptionUsed":true,"recordCount":0,"success":true,"error":null,"ip":"unknown","duration":0,"traceId":"mf2qkidkc799t3r65c4"}
{"timestamp":"2025-09-02T16:01:44.495Z","type":"DATA_ACCESS","action":"VALIDATE_ENCRYPTION_PASSWORD_RESULT","tableName":"aud_clientes","user":"::1","encryptionUsed":true,"recordCount":0,"success":true,"error":null,"ip":"unknown","duration":40,"traceId":"mf2qkienvs7pqif6xrb"}
{"timestamp":"2025-09-02T16:01:44.496Z","type":"DATA_ACCESS","action":"VALIDATE_PASSWORD","tableName":"unknown","user":"::1","encryptionUsed":true,"recordCount":1,"success":true,"error":null,"ip":"::1","duration":0,"traceId":"mf2qkieo5wle2sutms6"}
{"timestamp":"2025-09-02T16:01:44.549Z","type":"DATA_ACCESS","action":"VIEW_DECRYPTED_AUDIT_DATA","tableName":"aud_clientes","user":"::1","encryptionUsed":true,"recordCount":0,"success":true,"error":null,"ip":"unknown","duration":0,"traceId":"mf2qkig5d7xluavf5ww"}
{"timestamp":"2025-09-02T16:01:44.587Z","type":"DATA_ACCESS","action":"VIEW_DECRYPTED_AUDIT_DATA_SUCCESS","tableName":"aud_clientes","user":"::1","encryptionUsed":true,"recordCount":3,"success":true,"error":null,"ip":"unknown","duration":39,"traceId":"mf2qkih7cllfz69u9vg"}
{"timestamp":"2025-09-02T16:01:44.588Z","type":"DATA_ACCESS","action":"VIEW_DECRYPTED","tableName":"unknown","user":"::1","encryptionUsed":true,"recordCount":3,"success":true,"error":null,"ip":"::1","duration":0,"traceId":"mf2qkih85rcbpr0ohb"}
{"timestamp":"2025-09-02T16:07:26.871Z","type":"DATA_ACCESS","action":"VIEW_DECRYPTED_AUDIT_DATA","tableName":"aud_clientes","user":"::1","encryptionUsed":true,"recordCount":0,"success":true,"error":null,"ip":"unknown","duration":0,"traceId":"mf2qrul32bbgzgd6x3y"}
{"timestamp":"2025-09-02T16:07:26.979Z","type":"DATA_ACCESS","action":"VIEW_DECRYPTED_AUDIT_DATA_SUCCESS","tableName":"aud_clientes","user":"::1","encryptionUsed":true,"recordCount":5,"success":true,"error":null,"ip":"unknown","duration":109,"traceId":"mf2qruo36l6iah9gtt3"}
{"timestamp":"2025-09-02T16:07:26.980Z","type":"DATA_ACCESS","action":"VIEW_DECRYPTED","tableName":"unknown","user":"::1","encryptionUsed":true,"recordCount":5,"success":true,"error":null,"ip":"::1","duration":0,"traceId":"mf2qruo4yfpjh5nkv4j"}
{"timestamp":"2025-09-02T16:07:51.065Z","type":"DATA_ACCESS","action":"VIEW_ENCRYPTED_AUDIT_DATA","tableName":"aud_clientes","user":"::1","encryptionUsed":true,"recordCount":0,"success":true,"error":null,"ip":"unknown","duration":0,"traceId":"mf2qsd95vdhdbh6epjl"}
{"timestamp":"2025-09-02T16:07:51.072Z","type":"DATA_ACCESS","action":"VIEW_ENCRYPTED_AUDIT_DATA_SUCCESS","tableName":"aud_clientes","user":"::1","encryptionUsed":true,"recordCount":5,"success":true,"error":null,"ip":"unknown","duration":8,"traceId":"mf2qsd9cxu31tsy0rfo"}
{"timestamp":"2025-09-02T16:07:51.075Z","type":"DATA_ACCESS","action":"VIEW_ENCRYPTED","tableName":"unknown","user":"::1","encryptionUsed":false,"recordCount":5,"success":true,"error":null,"ip":"::1","duration":0,"traceId":"mf2qsd9f8bhmdzf6ip"}
{"timestamp":"2025-09-02T16:15:31.770Z","type":"DATA_ACCESS","action":"SETUP_AUDIT","tableName":"habitaciones","user":"::1","encryptionUsed":true,"recordCount":0,"success":true,"error":null,"ip":"::1","duration":0,"traceId":"mf2r28qigu3tcmicpyt"}
{"timestamp":"2025-09-02T16:16:18.597Z","type":"DATA_ACCESS","action":"VIEW_ENCRYPTED_AUDIT_DATA","tableName":"aud_habitaciones","user":"::1","encryptionUsed":true,"recordCount":0,"success":true,"error":null,"ip":"unknown","duration":0,"traceId":"mf2r38v9pwx083ntaki"}
{"timestamp":"2025-09-02T16:16:18.604Z","type":"DATA_ACCESS","action":"VIEW_ENCRYPTED_AUDIT_DATA","tableName":"aud_habitaciones","user":"::1","encryptionUsed":true,"recordCount":0,"success":true,"error":null,"ip":"unknown","duration":0,"traceId":"mf2r38vgqfsv2rei3p"}
{"timestamp":"2025-09-02T16:16:18.625Z","type":"DATA_ACCESS","action":"VIEW_ENCRYPTED_AUDIT_DATA_SUCCESS","tableName":"aud_habitaciones","user":"::1","encryptionUsed":true,"recordCount":2,"success":true,"error":null,"ip":"unknown","duration":28,"traceId":"mf2r38w2475jysmxke3"}
{"timestamp":"2025-09-02T16:16:18.633Z","type":"DATA_ACCESS","action":"VIEW_ENCRYPTED","tableName":"unknown","user":"::1","encryptionUsed":false,"recordCount":2,"success":true,"error":null,"ip":"::1","duration":0,"traceId":"mf2r38w96y6pf0zoqc8"}
{"timestamp":"2025-09-02T16:16:18.732Z","type":"DATA_ACCESS","action":"VIEW_ENCRYPTED_AUDIT_DATA_SUCCESS","tableName":"aud_habitaciones","user":"::1","encryptionUsed":true,"recordCount":2,"success":true,"error":null,"ip":"unknown","duration":129,"traceId":"mf2r38z0s1h9xqvi6n"}
{"timestamp":"2025-09-02T16:16:18.733Z","type":"DATA_ACCESS","action":"VIEW_ENCRYPTED","tableName":"unknown","user":"::1","encryptionUsed":false,"recordCount":2,"success":true,"error":null,"ip":"::1","duration":0,"traceId":"mf2r38z1qe1ys0nnbdd"}
{"timestamp":"2025-09-02T16:16:33.105Z","type":"DATA_ACCESS","action":"VALIDATE_ENCRYPTION_PASSWORD","tableName":"aud_habitaciones","user":"::1","encryptionUsed":true,"recordCount":0,"success":true,"error":null,"ip":"unknown","duration":0,"traceId":"mf2r3k29hme1fp36w0l"}
{"timestamp":"2025-09-02T16:16:33.242Z","type":"DATA_ACCESS","action":"VALIDATE_ENCRYPTION_PASSWORD_RESULT","tableName":"aud_habitaciones","user":"::1","encryptionUsed":true,"recordCount":0,"success":false,"error":null,"ip":"unknown","duration":138,"traceId":"mf2r3k629blgtpixpy"}
{"timestamp":"2025-09-02T16:16:33.244Z","type":"DATA_ACCESS","action":"VALIDATE_PASSWORD","tableName":"unknown","user":"::1","encryptionUsed":true,"recordCount":1,"success":true,"error":null,"ip":"::1","duration":0,"traceId":"mf2r3k64ywuvqnlvat"}
{"timestamp":"2025-09-02T16:16:45.562Z","type":"DATA_ACCESS","action":"VALIDATE_ENCRYPTION_PASSWORD","tableName":"aud_habitaciones","user":"::1","encryptionUsed":true,"recordCount":0,"success":true,"error":null,"ip":"unknown","duration":0,"traceId":"mf2r3toa3pp0karhzfo"}
{"timestamp":"2025-09-02T16:16:45.602Z","type":"DATA_ACCESS","action":"VALIDATE_ENCRYPTION_PASSWORD_RESULT","tableName":"aud_habitaciones","user":"::1","encryptionUsed":true,"recordCount":0,"success":true,"error":null,"ip":"unknown","duration":41,"traceId":"mf2r3tpeatqhovxw4qh"}
{"timestamp":"2025-09-02T16:16:45.606Z","type":"DATA_ACCESS","action":"VALIDATE_PASSWORD","tableName":"unknown","user":"::1","encryptionUsed":true,"recordCount":1,"success":true,"error":null,"ip":"::1","duration":0,"traceId":"mf2r3tpi1snndqc1jio"}
{"timestamp":"2025-09-02T16:16:45.631Z","type":"DATA_ACCESS","action":"VIEW_DECRYPTED_AUDIT_DATA","tableName":"aud_habitaciones","user":"::1","encryptionUsed":true,"recordCount":0,"success":true,"error":null,"ip":"unknown","duration":0,"traceId":"mf2r3tq7mzemu9gzgf"}
{"timestamp":"2025-09-02T16:16:45.663Z","type":"DATA_ACCESS","action":"VIEW_DECRYPTED_AUDIT_DATA_SUCCESS","tableName":"aud_habitaciones","user":"::1","encryptionUsed":true,"recordCount":2,"success":true,"error":null,"ip":"unknown","duration":35,"traceId":"mf2r3tr3et4estch1w"}
{"timestamp":"2025-09-02T16:16:45.665Z","type":"DATA_ACCESS","action":"VIEW_DECRYPTED","tableName":"unknown","user":"::1","encryptionUsed":true,"recordCount":2,"success":true,"error":null,"ip":"::1","duration":0,"traceId":"mf2r3tr5xbxblgekap"}
{"timestamp":"2025-09-02T16:17:13.937Z","type":"DATA_ACCESS","action":"VIEW_ENCRYPTED_AUDIT_DATA","tableName":"aud_clientes","user":"::1","encryptionUsed":true,"recordCount":0,"success":true,"error":null,"ip":"unknown","duration":0,"traceId":"mf2r4fkhlb3wpxx8gch"}
{"timestamp":"2025-09-02T16:17:13.935Z","type":"DATA_ACCESS","action":"VIEW_ENCRYPTED_AUDIT_DATA","tableName":"aud_clientes","user":"::1","encryptionUsed":true,"recordCount":0,"success":true,"error":null,"ip":"unknown","duration":0,"traceId":"mf2r4fkftwia1qc8ge"}
{"timestamp":"2025-09-02T16:17:13.945Z","type":"DATA_ACCESS","action":"VIEW_ENCRYPTED_AUDIT_DATA_SUCCESS","tableName":"aud_clientes","user":"::1","encryptionUsed":true,"recordCount":5,"success":true,"error":null,"ip":"unknown","duration":8,"traceId":"mf2r4fkpojxcg1tmmjl"}
{"timestamp":"2025-09-02T16:17:13.996Z","type":"DATA_ACCESS","action":"VIEW_ENCRYPTED","tableName":"unknown","user":"::1","encryptionUsed":false,"recordCount":5,"success":true,"error":null,"ip":"::1","duration":0,"traceId":"mf2r4fm4zuqeuwazrs9"}
{"timestamp":"2025-09-02T16:17:14.078Z","type":"DATA_ACCESS","action":"VIEW_ENCRYPTED_AUDIT_DATA_SUCCESS","tableName":"aud_clientes","user":"::1","encryptionUsed":true,"recordCount":5,"success":true,"error":null,"ip":"unknown","duration":144,"traceId":"mf2r4foedtkd5ru4lz"}
{"timestamp":"2025-09-02T16:17:14.079Z","type":"DATA_ACCESS","action":"VIEW_ENCRYPTED","tableName":"unknown","user":"::1","encryptionUsed":false,"recordCount":5,"success":true,"error":null,"ip":"::1","duration":0,"traceId":"mf2r4fofr7vc77wd4ff"}
{"timestamp":"2025-09-02T16:17:19.738Z","type":"DATA_ACCESS","action":"VALIDATE_ENCRYPTION_PASSWORD","tableName":"aud_clientes","user":"::1","encryptionUsed":true,"recordCount":0,"success":true,"error":null,"ip":"unknown","duration":0,"traceId":"mf2r4k1mmb40vvt0ozc"}
{"timestamp":"2025-09-02T16:17:19.745Z","type":"DATA_ACCESS","action":"VALIDATE_ENCRYPTION_PASSWORD_RESULT","tableName":"aud_clientes","user":"::1","encryptionUsed":true,"recordCount":0,"success":true,"error":null,"ip":"unknown","duration":7,"traceId":"mf2r4k1uaadzo1jvwob"}
{"timestamp":"2025-09-02T16:17:19.747Z","type":"DATA_ACCESS","action":"VALIDATE_PASSWORD","tableName":"unknown","user":"::1","encryptionUsed":true,"recordCount":1,"success":true,"error":null,"ip":"::1","duration":0,"traceId":"mf2r4k1vvpr5krmvaza"}
{"timestamp":"2025-09-02T16:17:19.758Z","type":"DATA_ACCESS","action":"VIEW_DECRYPTED_AUDIT_DATA","tableName":"aud_clientes","user":"::1","encryptionUsed":true,"recordCount":0,"success":true,"error":null,"ip":"unknown","duration":0,"traceId":"mf2r4k267jh883pk4t3"}
{"timestamp":"2025-09-02T16:17:19.845Z","type":"DATA_ACCESS","action":"VIEW_DECRYPTED_AUDIT_DATA_SUCCESS","tableName":"aud_clientes","user":"::1","encryptionUsed":true,"recordCount":5,"success":true,"error":null,"ip":"unknown","duration":88,"traceId":"mf2r4k4lubt534vpd6l"}
{"timestamp":"2025-09-02T16:17:19.847Z","type":"DATA_ACCESS","action":"VIEW_DECRYPTED","tableName":"unknown","user":"::1","encryptionUsed":true,"recordCount":5,"success":true,"error":null,"ip":"::1","duration":0,"traceId":"mf2r4k4n3w5ro5xbsz"}
{"timestamp":"2025-09-02T16:21:15.225Z","type":"DATA_ACCESS","action":"VIEW_ENCRYPTED_AUDIT_DATA","tableName":"aud_clientes","user":"::1","encryptionUsed":true,"recordCount":0,"success":true,"error":null,"ip":"unknown","duration":0,"traceId":"mf2r9lqxjwbpca3y91"}
{"timestamp":"2025-09-02T16:21:15.229Z","type":"DATA_ACCESS","action":"VIEW_ENCRYPTED_AUDIT_DATA","tableName":"aud_clientes","user":"::1","encryptionUsed":true,"recordCount":0,"success":true,"error":null,"ip":"unknown","duration":0,"traceId":"mf2r9lr1162apusmzhh"}
{"timestamp":"2025-09-02T16:21:15.261Z","type":"DATA_ACCESS","action":"VIEW_ENCRYPTED_AUDIT_DATA_SUCCESS","tableName":"aud_clientes","user":"::1","encryptionUsed":true,"recordCount":5,"success":true,"error":null,"ip":"unknown","duration":37,"traceId":"mf2r9lrx9kizyg7uxug"}
{"timestamp":"2025-09-02T16:21:15.263Z","type":"DATA_ACCESS","action":"VIEW_ENCRYPTED","tableName":"unknown","user":"::1","encryptionUsed":false,"recordCount":5,"success":true,"error":null,"ip":"::1","duration":0,"traceId":"mf2r9lrz1pgsapbg5tm"}
{"timestamp":"2025-09-02T16:21:15.327Z","type":"DATA_ACCESS","action":"VIEW_ENCRYPTED_AUDIT_DATA_SUCCESS","tableName":"aud_clientes","user":"::1","encryptionUsed":true,"recordCount":5,"success":true,"error":null,"ip":"unknown","duration":99,"traceId":"mf2r9ltrk3ndsu5p0ee"}
{"timestamp":"2025-09-02T16:21:15.329Z","type":"DATA_ACCESS","action":"VIEW_ENCRYPTED","tableName":"unknown","user":"::1","encryptionUsed":false,"recordCount":5,"success":true,"error":null,"ip":"::1","duration":0,"traceId":"mf2r9lttri5nwms04l"}
{"timestamp":"2025-09-02T16:21:19.972Z","type":"DATA_ACCESS","action":"VALIDATE_ENCRYPTION_PASSWORD","tableName":"aud_clientes","user":"::1","encryptionUsed":true,"recordCount":0,"success":true,"error":null,"ip":"unknown","duration":0,"traceId":"mf2r9pesb7bpzta3msd"}
{"timestamp":"2025-09-02T16:21:19.980Z","type":"DATA_ACCESS","action":"VALIDATE_ENCRYPTION_PASSWORD_RESULT","tableName":"aud_clientes","user":"::1","encryptionUsed":true,"recordCount":0,"success":true,"error":null,"ip":"unknown","duration":9,"traceId":"mf2r9pf0trfc5w3ocbb"}
{"timestamp":"2025-09-02T16:21:19.982Z","type":"DATA_ACCESS","action":"VALIDATE_PASSWORD","tableName":"unknown","user":"::1","encryptionUsed":true,"recordCount":1,"success":true,"error":null,"ip":"::1","duration":0,"traceId":"mf2r9pf25tgmpuu9cni"}
{"timestamp":"2025-09-02T16:21:19.996Z","type":"DATA_ACCESS","action":"VIEW_DECRYPTED_AUDIT_DATA","tableName":"aud_clientes","user":"::1","encryptionUsed":true,"recordCount":0,"success":true,"error":null,"ip":"unknown","duration":0,"traceId":"mf2r9pfgpbn1rx3qq8"}
{"timestamp":"2025-09-02T16:21:20.099Z","type":"DATA_ACCESS","action":"VIEW_DECRYPTED_AUDIT_DATA_SUCCESS","tableName":"aud_clientes","user":"::1","encryptionUsed":true,"recordCount":5,"success":true,"error":null,"ip":"unknown","duration":103,"traceId":"mf2r9pibaxq6lkdr4pd"}
{"timestamp":"2025-09-02T16:21:20.101Z","type":"DATA_ACCESS","action":"VIEW_DECRYPTED","tableName":"unknown","user":"::1","encryptionUsed":true,"recordCount":5,"success":true,"error":null,"ip":"::1","duration":0,"traceId":"mf2r9pid5jitf6xsbyb"}
{"timestamp":"2025-09-02T16:46:13.352Z","type":"DATA_ACCESS","action":"SETUP_AUDIT","tableName":"clientes","user":"::1","encryptionUsed":true,"recordCount":0,"success":true,"error":null,"ip":"::1","duration":0,"traceId":"mf2s5ppkx4ef5psa3fp"}
{"timestamp":"2025-09-02T16:46:53.916Z","type":"DATA_ACCESS","action":"VIEW_ENCRYPTED_AUDIT_DATA","tableName":"aud_clientes","user":"::1","encryptionUsed":true,"recordCount":0,"success":true,"error":null,"ip":"unknown","duration":0,"traceId":"mf2s6l0cu569r7kvzlt"}
{"timestamp":"2025-09-02T16:46:53.922Z","type":"DATA_ACCESS","action":"VIEW_ENCRYPTED_AUDIT_DATA","tableName":"aud_clientes","user":"::1","encryptionUsed":true,"recordCount":0,"success":true,"error":null,"ip":"unknown","duration":0,"traceId":"mf2s6l0izbgss9sp40m"}
{"timestamp":"2025-09-02T16:46:53.948Z","type":"DATA_ACCESS","action":"VIEW_ENCRYPTED_AUDIT_DATA_SUCCESS","tableName":"aud_clientes","user":"::1","encryptionUsed":true,"recordCount":1,"success":true,"error":null,"ip":"unknown","duration":33,"traceId":"mf2s6l18sib5d7rmt3"}
{"timestamp":"2025-09-02T16:46:53.950Z","type":"DATA_ACCESS","action":"VIEW_ENCRYPTED","tableName":"unknown","user":"::1","encryptionUsed":false,"recordCount":1,"success":true,"error":null,"ip":"::1","duration":0,"traceId":"mf2s6l1anqc4xfk5k19"}
{"timestamp":"2025-09-02T16:46:54.020Z","type":"DATA_ACCESS","action":"VIEW_ENCRYPTED_AUDIT_DATA_SUCCESS","tableName":"aud_clientes","user":"::1","encryptionUsed":true,"recordCount":1,"success":true,"error":null,"ip":"unknown","duration":99,"traceId":"mf2s6l38s19pvyfyld"}
{"timestamp":"2025-09-02T16:46:54.021Z","type":"DATA_ACCESS","action":"VIEW_ENCRYPTED","tableName":"unknown","user":"::1","encryptionUsed":false,"recordCount":1,"success":true,"error":null,"ip":"::1","duration":0,"traceId":"mf2s6l39h2ota1nuwl"}
{"timestamp":"2025-09-02T16:47:05.894Z","type":"DATA_ACCESS","action":"VALIDATE_ENCRYPTION_PASSWORD","tableName":"aud_clientes","user":"::1","encryptionUsed":true,"recordCount":0,"success":true,"error":null,"ip":"unknown","duration":0,"traceId":"mf2s6u92l0wb5fi0vc"}
{"timestamp":"2025-09-02T16:47:05.939Z","type":"DATA_ACCESS","action":"VALIDATE_ENCRYPTION_PASSWORD_RESULT","tableName":"aud_clientes","user":"::1","encryptionUsed":true,"recordCount":0,"success":true,"error":null,"ip":"unknown","duration":47,"traceId":"mf2s6uabuv4qvdy4qci"}
{"timestamp":"2025-09-02T16:47:05.941Z","type":"DATA_ACCESS","action":"VALIDATE_PASSWORD","tableName":"unknown","user":"::1","encryptionUsed":true,"recordCount":1,"success":true,"error":null,"ip":"::1","duration":0,"traceId":"mf2s6uadmxaxcsqowa"}
{"timestamp":"2025-09-02T16:47:05.970Z","type":"DATA_ACCESS","action":"VIEW_DECRYPTED_AUDIT_DATA","tableName":"aud_clientes","user":"::1","encryptionUsed":true,"recordCount":0,"success":true,"error":null,"ip":"unknown","duration":0,"traceId":"mf2s6ub6jfyp2wl9ah"}
{"timestamp":"2025-09-02T16:47:06.024Z","type":"DATA_ACCESS","action":"VIEW_DECRYPTED_AUDIT_DATA_SUCCESS","tableName":"aud_clientes","user":"::1","encryptionUsed":true,"recordCount":1,"success":true,"error":null,"ip":"unknown","duration":54,"traceId":"mf2s6ucoxmhuzbdt3bb"}
{"timestamp":"2025-09-02T16:47:06.025Z","type":"DATA_ACCESS","action":"VIEW_DECRYPTED","tableName":"unknown","user":"::1","encryptionUsed":true,"recordCount":1,"success":true,"error":null,"ip":"::1","duration":0,"traceId":"mf2s6ucpgkb394e44mk"}
